1737969842178	geckodriver	INFO	Listening on 127.0.0.1:49631
1737969845300	mozrunner::runner	INFO	Running command: "C:\\Program Files\\Mozilla Firefox\\firefox.exe" "--marionette" "--remote-debugging-port" "49632" "--remote-allow-hosts" "localhost" "-no-remote" "-profile" "C:\\Users\\IRVING~1\\AppData\\Local\\Temp\\rust_mozprofileUndG9Z"
console.warn: services.settings: Ignoring preference override of remote settings server
console.warn: services.settings: Allow by setting MOZ_REMOTE_SETTINGS_DEVTOOLS=1 in the environment
Dynamically enable window occlusion 0
1737969845575	Marionette	INFO	Marionette enabled
1737969845680	Marionette	INFO	Listening on port 49641
WebDriver BiDi listening on ws://127.0.0.1:49632
Read port: 49641
1737969845827	RemoteAgent	WARN	TLS certificate errors will be ignored for this session
DevTools listening on ws://127.0.0.1:49632/devtools/browser/85aa889e-e349-48ea-bc69-a59c9f255857
console.warn: LoginRecipes: "Falling back to a synchronous message for: https://www.saucedemo.com."
console.warn: LoginRecipes: "Falling back to a synchronous message for: https://www.saucedemo.com."
JavaScript error: resource://gre/modules/PromiseWorker.sys.mjs, line 75: Error: Could not get children of `C:\Users\IRVING~1\AppData\Local\Temp\rust_mozprofileUndG9Z\thumbnails': directory does not exist (NS_ERROR_FILE_NOT_FOUND)
JavaScript error: resource://gre/modules/PromiseWorker.sys.mjs, line 75: Error: Could not get children of `C:\Users\IRVING~1\AppData\Local\Temp\rust_mozprofileUndG9Z\thumbnails': directory does not exist (NS_ERROR_FILE_NOT_FOUND)
JavaScript error: resource://gre/modules/PromiseWorker.sys.mjs, line 75: Error: Could not get children of `C:\Users\IRVING~1\AppData\Local\Temp\rust_mozprofileUndG9Z\thumbnails': directory does not exist (NS_ERROR_FILE_NOT_FOUND)
JavaScript error: resource://gre/modules/PromiseWorker.sys.mjs, line 75: Error: Could not get children of `C:\Users\IRVING~1\AppData\Local\Temp\rust_mozprofileUndG9Z\thumbnails': directory does not exist (NS_ERROR_FILE_NOT_FOUND)
JavaScript error: resource://gre/modules/PromiseWorker.sys.mjs, line 75: Error: Could not get children of `C:\Users\IRVING~1\AppData\Local\Temp\rust_mozprofileUndG9Z\thumbnails': directory does not exist (NS_ERROR_FILE_NOT_FOUND)
JavaScript error: resource://gre/modules/PromiseWorker.sys.mjs, line 75: Error: Could not get children of `C:\Users\IRVING~1\AppData\Local\Temp\rust_mozprofileUndG9Z\thumbnails': directory does not exist (NS_ERROR_FILE_NOT_FOUND)
JavaScript error: resource://gre/modules/PromiseWorker.sys.mjs, line 75: Error: Could not get children of `C:\Users\IRVING~1\AppData\Local\Temp\rust_mozprofileUndG9Z\thumbnails': directory does not exist (NS_ERROR_FILE_NOT_FOUND)
JavaScript error: resource://gre/modules/PromiseWorker.sys.mjs, line 75: Error: Could not get children of `C:\Users\IRVING~1\AppData\Local\Temp\rust_mozprofileUndG9Z\thumbnails': directory does not exist (NS_ERROR_FILE_NOT_FOUND)
JavaScript error: resource://gre/modules/PromiseWorker.sys.mjs, line 75: Error: Could not get children of `C:\Users\IRVING~1\AppData\Local\Temp\rust_mozprofileUndG9Z\thumbnails': directory does not exist (NS_ERROR_FILE_NOT_FOUND)
JavaScript error: resource://gre/modules/PromiseWorker.sys.mjs, line 75: Error: Could not get children of `C:\Users\IRVING~1\AppData\Local\Temp\rust_mozprofileUndG9Z\thumbnails': directory does not exist (NS_ERROR_FILE_NOT_FOUND)
JavaScript error: resource://gre/modules/PromiseWorker.sys.mjs, line 75: Error: Could not get children of `C:\Users\IRVING~1\AppData\Local\Temp\rust_mozprofileUndG9Z\thumbnails': directory does not exist (NS_ERROR_FILE_NOT_FOUND)
JavaScript error: resource://gre/modules/PromiseWorker.sys.mjs, line 75: Error: Could not get children of `C:\Users\IRVING~1\AppData\Local\Temp\rust_mozprofileUndG9Z\thumbnails': directory does not exist (NS_ERROR_FILE_NOT_FOUND)
JavaScript error: resource://gre/modules/PromiseWorker.sys.mjs, line 75: Error: Could not get children of `C:\Users\IRVING~1\AppData\Local\Temp\rust_mozprofileUndG9Z\thumbnails': directory does not exist (NS_ERROR_FILE_NOT_FOUND)
JavaScript error: resource://gre/modules/PromiseWorker.sys.mjs, line 75: Error: Could not get children of `C:\Users\IRVING~1\AppData\Local\Temp\rust_mozprofileUndG9Z\thumbnails': directory does not exist (NS_ERROR_FILE_NOT_FOUND)
JavaScript error: resource://gre/modules/PromiseWorker.sys.mjs, line 75: Error: Could not get children of `C:\Users\IRVING~1\AppData\Local\Temp\rust_mozprofileUndG9Z\thumbnails': directory does not exist (NS_ERROR_FILE_NOT_FOUND)
JavaScript error: resource://gre/modules/PromiseWorker.sys.mjs, line 75: Error: Could not get children of `C:\Users\IRVING~1\AppData\Local\Temp\rust_mozprofileUndG9Z\thumbnails': directory does not exist (NS_ERROR_FILE_NOT_FOUND)
JavaScript error: resource://gre/modules/PromiseWorker.sys.mjs, line 75: Error: Could not get children of `C:\Users\IRVING~1\AppData\Local\Temp\rust_mozprofileUndG9Z\thumbnails': directory does not exist (NS_ERROR_FILE_NOT_FOUND)
JavaScript error: resource://gre/modules/PromiseWorker.sys.mjs, line 75: Error: Could not get children of `C:\Users\IRVING~1\AppData\Local\Temp\rust_mozprofileUndG9Z\thumbnails': directory does not exist (NS_ERROR_FILE_NOT_FOUND)
JavaScript error: resource://gre/modules/PromiseWorker.sys.mjs, line 75: Error: Could not get children of `C:\Users\IRVING~1\AppData\Local\Temp\rust_mozprofileUndG9Z\thumbnails': directory does not exist (NS_ERROR_FILE_NOT_FOUND)
JavaScript error: resource://gre/modules/PromiseWorker.sys.mjs, line 75: Error: Could not get children of `C:\Users\IRVING~1\AppData\Local\Temp\rust_mozprofileUndG9Z\thumbnails': directory does not exist (NS_ERROR_FILE_NOT_FOUND)
JavaScript error: resource://gre/modules/PromiseWorker.sys.mjs, line 75: Error: Could not get children of `C:\Users\IRVING~1\AppData\Local\Temp\rust_mozprofileUndG9Z\thumbnails': directory does not exist (NS_ERROR_FILE_NOT_FOUND)
JavaScript error: resource://gre/modules/PromiseWorker.sys.mjs, line 75: Error: Could not get children of `C:\Users\IRVING~1\AppData\Local\Temp\rust_mozprofileUndG9Z\thumbnails': directory does not exist (NS_ERROR_FILE_NOT_FOUND)
JavaScript warning: https://www.saucedemo.com/static/js/2.84a5cbf3.chunk.js, line 2: Script terminated by timeout at:
get@https://www.saucedemo.com/static/js/2.84a5cbf3.chunk.js:2:123427
r/936/n/7429/value/<@https://www.saucedemo.com/static/js/2.84a5cbf3.chunk.js:2:56726

1738054401989	Marionette	INFO	Stopped listening on port 49641
Dynamically enable window occlusion 1
