1737925746998	geckodriver	INFO	Listening on 127.0.0.1:58962
1737925750112	mozrunner::runner	INFO	Running command: "C:\\Program Files\\Mozilla Firefox\\firefox.exe" "--marionette" "--remote-debugging-port" "58963" "--remote-allow-hosts" "localhost" "-no-remote" "-profile" "C:\\Users\\IRVING~1\\AppData\\Local\\Temp\\rust_mozprofileg1dF01"
console.warn: services.settings: Ignoring preference override of remote settings server
console.warn: services.settings: Allow by setting MOZ_REMOTE_SETTINGS_DEVTOOLS=1 in the environment
Dynamically enable window occlusion 0
1737925750482	Marionette	INFO	Marionette enabled
1737925750633	Marionette	INFO	Listening on port 58974
WebDriver BiDi listening on ws://127.0.0.1:58963
Read port: 58974
1737925750826	RemoteAgent	WARN	TLS certificate errors will be ignored for this session
DevTools listening on ws://127.0.0.1:58963/devtools/browser/dd9b5cee-1341-44fa-9e39-c523897d6105
console.warn: LoginRecipes: "Falling back to a synchronous message for: https://www.saucedemo.com."
console.warn: LoginRecipes: "Falling back to a synchronous message for: https://www.saucedemo.com."
JavaScript error: resource://gre/modules/PromiseWorker.sys.mjs, line 75: Error: Could not get children of `C:\Users\IRVING~1\AppData\Local\Temp\rust_mozprofileg1dF01\thumbnails': directory does not exist (NS_ERROR_FILE_NOT_FOUND)
JavaScript error: resource://gre/modules/PromiseWorker.sys.mjs, line 75: Error: Could not get children of `C:\Users\IRVING~1\AppData\Local\Temp\rust_mozprofileg1dF01\thumbnails': directory does not exist (NS_ERROR_FILE_NOT_FOUND)
JavaScript error: resource://gre/modules/PromiseWorker.sys.mjs, line 75: Error: Could not get children of `C:\Users\IRVING~1\AppData\Local\Temp\rust_mozprofileg1dF01\thumbnails': directory does not exist (NS_ERROR_FILE_NOT_FOUND)
JavaScript error: resource://gre/modules/PromiseWorker.sys.mjs, line 75: Error: Could not get children of `C:\Users\IRVING~1\AppData\Local\Temp\rust_mozprofileg1dF01\thumbnails': directory does not exist (NS_ERROR_FILE_NOT_FOUND)
JavaScript warning: https://www.saucedemo.com/static/js/2.84a5cbf3.chunk.js, line 2: Script terminated by timeout at:
get@https://www.saucedemo.com/static/js/2.84a5cbf3.chunk.js:2:123438
r/936/n/7429/value/<@https://www.saucedemo.com/static/js/2.84a5cbf3.chunk.js:2:56726

1737946955701	Marionette	INFO	Stopped listening on port 58974
Dynamically enable window occlusion 1
